<?xml version="1.0" encoding="UTF-8"?>
<!-- Generated by org.testng.reporters.JUnitReportReporter -->
<testsuite hostname="DESKTOP-O949GMR" failures="0" tests="4" name="DynamicJson" time="2.975" errors="0" timestamp="2023-08-16T11:32:27 IST" skipped="0">
  <testcase classname="DynamicJson" name="addBook" time="2.477"/>
  <testcase classname="DynamicJson" name="addBook" time="0.122"/>
  <testcase classname="DynamicJson" name="addBook" time="0.203"/>
  <testcase classname="DynamicJson" name="addBook" time="0.173"/>
</testsuite> <!-- DynamicJson -->
