<?xml version="1.0" encoding="UTF-8"?>
<!-- Generated by org.testng.reporters.JUnitReportReporter -->
<testsuite hostname="DESKTOP-MR4E6NK" failures="0" tests="4" name="DynamicJson" time="2.278" errors="0" timestamp="2023-07-22T19:47:48 IST" skipped="0">
  <testcase classname="DynamicJson" name="addBook" time="1.897"/>
  <system-out/>
  <testcase classname="DynamicJson" name="addBook" time="0.134"/>
  <system-out/>
  <testcase classname="DynamicJson" name="addBook" time="0.115"/>
  <system-out/>
  <testcase classname="DynamicJson" name="addBook" time="0.132"/>
  <system-out/>
</testsuite> <!-- DynamicJson -->
