<?xml version="1.0" encoding="UTF-8"?>
<!-- Generated by org.testng.reporters.JUnitReportReporter -->
<testsuite hostname="DESKTOP-MR4E6NK" failures="0" tests="4" name="DynamicJson" time="4.876" errors="0" timestamp="2023-07-22T18:35:47 IST" skipped="0">
  <testcase classname="DynamicJson" name="addBook" time="0.143"/>
  <system-out/>
  <testcase classname="DynamicJson" name="addBook" time="0.135"/>
  <system-out/>
  <testcase classname="DynamicJson" name="addBook" time="0.126"/>
  <system-out/>
  <testcase classname="DynamicJson" name="addBook" time="4.472"/>
  <system-out/>
</testsuite> <!-- DynamicJson -->
